This is pdfTeX, Version 3.1415926-1.40.9 (MiKTeX 2.7) (preloaded format=latex 2010.1.8)  9 FEB 2010 00:18
entering extended mode
**1.tex
(1.tex
LaTeX2e <2005/12/01>
Babel <v3.8l> and hyphenation patterns for english, dumylang, nohyphenation, ge
rman, ngerman, german-x-2008-06-18, ngerman-x-2008-06-18, french, hungarian, lo
aded.
("C:\Program Files\MiKTeX 2.7\tex\latex\base\article.cls"
Document Class: article 2005/09/16 v1.4f Standard LaTeX document class
("C:\Program Files\MiKTeX 2.7\tex\latex\base\size11.clo"
File: size11.clo 2005/09/16 v1.4f Standard LaTeX file (size option)
)
\c@part=\count79
\c@section=\count80
\c@subsection=\count81
\c@subsubsection=\count82
\c@paragraph=\count83
\c@subparagraph=\count84
\c@figure=\count85
\c@table=\count86
\abovecaptionskip=\skip41
\belowcaptionskip=\skip42
\bibindent=\dimen102
)
("C:\Program Files\MiKTeX 2.7\tex\latex\base\inputenc.sty"
Package: inputenc 2006/05/05 v1.1b Input encoding file
\inpenc@prehook=\toks14
\inpenc@posthook=\toks15

("C:\Program Files\MiKTeX 2.7\tex\latex\base\latin2.def"
File: latin2.def 2006/05/05 v1.1b Input encoding file
))
("C:\Program Files\MiKTeX 2.7\tex\latex\base\fontenc.sty"
Package: fontenc 2005/09/27 v1.99g Standard LaTeX package

("C:\Program Files\MiKTeX 2.7\tex\latex\base\t1enc.def"
File: t1enc.def 2005/09/27 v1.99g Standard LaTeX file
LaTeX Font Info:    Redeclaring font encoding T1 on input line 43.
))
("C:\Program Files\MiKTeX 2.7\tex\generic\babel\babel.sty"
Package: babel 2008/07/06 v3.8l The Babel package

*************************************
* Local config file bblopts.cfg used
*
("C:\Program Files\MiKTeX 2.7\tex\latex\00miktex\bblopts.cfg"
File: bblopts.cfg 2006/07/31 v1.0 MiKTeX 'babel' configuration
)
("C:\Program Files\MiKTeX 2.7\tex\generic\babel\magyar.ldf"
Language: magyar 2005/03/30 v1.4j Magyar support from the babel system

("C:\Program Files\MiKTeX 2.7\tex\generic\babel\babel.def"
File: babel.def 2008/07/06 v3.8l Babel common definitions
\babel@savecnt=\count87
\U@D=\dimen103
)
Package babel Info: Making ` an active character on input line 597.
))
("C:\Program Files\MiKTeX 2.7\tex\latex\ltxmisc\url.sty"
\Urlmuskip=\muskip10
Package: url 2006/04/12  ver 3.3  Verb mode for urls, etc.
)
("C:\Program Files\MiKTeX 2.7\tex\latex\tools\indentfirst.sty"
Package: indentfirst 1995/11/23 v1.03 Indent first paragraph (DPC)
) (1.aux)
LaTeX Font Info:    Checking defaults for OML/cmm/m/it on input line 11.
LaTeX Font Info:    ... okay on input line 11.
LaTeX Font Info:    Checking defaults for T1/cmr/m/n on input line 11.
LaTeX Font Info:    ... okay on input line 11.
LaTeX Font Info:    Checking defaults for OT1/cmr/m/n on input line 11.
LaTeX Font Info:    ... okay on input line 11.
LaTeX Font Info:    Checking defaults for OMS/cmsy/m/n on input line 11.
LaTeX Font Info:    ... okay on input line 11.
LaTeX Font Info:    Checking defaults for OMX/cmex/m/n on input line 11.
LaTeX Font Info:    ... okay on input line 11.
LaTeX Font Info:    Checking defaults for U/cmr/m/n on input line 11.
LaTeX Font Info:    ... okay on input line 11.
LaTeX Font Info:    External font `cmex10' loaded for size
(Font)              <12> on input line 12.
LaTeX Font Info:    External font `cmex10' loaded for size
(Font)              <8> on input line 12.
LaTeX Font Info:    External font `cmex10' loaded for size
(Font)              <6> on input line 12.
LaTeX Font Info:    Try loading font information for T1+cmtt on input line 17.

("C:\Program Files\MiKTeX 2.7\tex\latex\base\t1cmtt.fd"
File: t1cmtt.fd 1999/05/25 v2.5h Standard LaTeX font definitions
)
LaTeX Font Info:    External font `cmex10' loaded for size
(Font)              <10.95> on input line 17.

Overfull \hbox (26.12833pt too wide) in paragraph at lines 19--20
[][]$\T1/cmtt/m/n/10.95 http : / / java . sun . com / docs / books / tutorial /
 reallybigindex .
 []

LaTeX Font Info:    Try loading font information for OMS+cmr on input line 24.
("C:\Program Files\MiKTeX 2.7\tex\latex\base\omscmr.fd"
File: omscmr.fd 1999/05/25 v2.5h Standard LaTeX font definitions
)
LaTeX Font Info:    Font shape `OMS/cmr/m/n' in size <10.95> not available
(Font)              Font shape `OMS/cmsy/m/n' tried instead on input line 24.

Overfull \hbox (5.89423pt too wide) in paragraph at lines 24--25
[][]\T1/cmr/m/n/10.95 Java lev-lista $\T1/cmtt/m/n/10.95 http : / / javagrund .
 hu / mailman / listinfo / javalist$ 
 []


Overfull \hbox (13.45248pt too wide) in paragraph at lines 39--41
\T1/cmtt/m/n/10.95 http : / / java . sun . com / docs / books / tutorial / getS
tarted / cupojava / win32 .
 []

[1

]
Overfull \hbox (1.21895pt too wide) in paragraph at lines 57--59
\T1/cmtt/m/n/10.95 http : / / java . sun . com / javase / 6 / docs / api / java
 / lang / System . html$ 
 []

[2] [3]
Overfull \hbox (5.25717pt too wide) in paragraph at lines 156--157
[][]\T1/cmr/m/n/10.95 Stringb®l: \T1/cmtt/m/n/10.95 Integer.parseInt("1"), Doub
le.parseDouble("2"), ... 
 []


Overfull \hbox (57.99199pt too wide) in paragraph at lines 178--180
\T1/cmr/m/n/10.95 Részletes táb-lá-zat: $\T1/cmtt/m/n/10.95 http : / / java . s
un . com / docs / books / tutorial / java / nutsandbolts /
 []

[4]
Overfull \hbox (0.65619pt too wide) in paragraph at lines 213--215
[][]\T1/cmr/m/n/10.95 Készítsünk egy h®-mér-sék-let kon-ver-táló prog-ra-mot! O
l-vas-sunk be két szám
 []

[5] [6] [7] (1.aux) ) 
Here is how much of TeX's memory you used:
 994 strings out of 95281
 10509 string characters out of 1182564
 63637 words of memory out of 1500000
 4244 multiletter control sequences out of 110000
 13698 words of font info for 35 fonts, out of 3000000 for 5000
 14 hyphenation exceptions out of 8191
 24i,6n,24p,314b,288s stack positions out of 5000i,500n,10000p,200000b,50000s

Output written on 1.dvi (7 pages, 11228 bytes).
