This is pdfTeX, Version 3.1415926-1.40.9 (MiKTeX 2.7) (preloaded format=latex 2010.4.25)  27 APR 2010 08:31
entering extended mode
**11.tex
(11.tex
LaTeX2e <2005/12/01>
Babel <v3.8l> and hyphenation patterns for english, dumylang, nohyphenation, ge
rman, ngerman, german-x-2008-06-18, ngerman-x-2008-06-18, french, hungarian, lo
aded.
("C:\Program Files\MiKTeX 2.7\tex\latex\base\article.cls"
Document Class: article 2005/09/16 v1.4f Standard LaTeX document class
("C:\Program Files\MiKTeX 2.7\tex\latex\base\size11.clo"
File: size11.clo 2005/09/16 v1.4f Standard LaTeX file (size option)
)
\c@part=\count79
\c@section=\count80
\c@subsection=\count81
\c@subsubsection=\count82
\c@paragraph=\count83
\c@subparagraph=\count84
\c@figure=\count85
\c@table=\count86
\abovecaptionskip=\skip41
\belowcaptionskip=\skip42
\bibindent=\dimen102
)
("C:\Program Files\MiKTeX 2.7\tex\latex\base\inputenc.sty"
Package: inputenc 2006/05/05 v1.1b Input encoding file
\inpenc@prehook=\toks14
\inpenc@posthook=\toks15

("C:\Program Files\MiKTeX 2.7\tex\latex\base\latin2.def"
File: latin2.def 2006/05/05 v1.1b Input encoding file
))
("C:\Program Files\MiKTeX 2.7\tex\latex\base\fontenc.sty"
Package: fontenc 2005/09/27 v1.99g Standard LaTeX package

("C:\Program Files\MiKTeX 2.7\tex\latex\base\t1enc.def"
File: t1enc.def 2005/09/27 v1.99g Standard LaTeX file
LaTeX Font Info:    Redeclaring font encoding T1 on input line 43.
))
("C:\Program Files\MiKTeX 2.7\tex\generic\babel\babel.sty"
Package: babel 2008/07/06 v3.8l The Babel package

*************************************
* Local config file bblopts.cfg used
*
("C:\Program Files\MiKTeX 2.7\tex\latex\00miktex\bblopts.cfg"
File: bblopts.cfg 2006/07/31 v1.0 MiKTeX 'babel' configuration
)
("C:\Program Files\MiKTeX 2.7\tex\generic\babel\magyar.ldf"
Language: magyar 2005/03/30 v1.4j Magyar support from the babel system

("C:\Program Files\MiKTeX 2.7\tex\generic\babel\babel.def"
File: babel.def 2008/07/06 v3.8l Babel common definitions
\babel@savecnt=\count87
\U@D=\dimen103
)
Package babel Info: Making ` an active character on input line 597.
))
("C:\Program Files\MiKTeX 2.7\tex\latex\ltxmisc\url.sty"
\Urlmuskip=\muskip10
Package: url 2006/04/12  ver 3.3  Verb mode for urls, etc.
)
("C:\Program Files\MiKTeX 2.7\tex\latex\tools\indentfirst.sty"
Package: indentfirst 1995/11/23 v1.03 Indent first paragraph (DPC)
)
("C:\Program Files\MiKTeX 2.7\tex\latex\graphics\graphicx.sty"
Package: graphicx 1999/02/16 v1.0f Enhanced LaTeX Graphics (DPC,SPQR)

("C:\Program Files\MiKTeX 2.7\tex\latex\graphics\keyval.sty"
Package: keyval 1999/03/16 v1.13 key=value parser (DPC)
\KV@toks@=\toks16
)
("C:\Program Files\MiKTeX 2.7\tex\latex\graphics\graphics.sty"
Package: graphics 2006/02/20 v1.0o Standard LaTeX Graphics (DPC,SPQR)

("C:\Program Files\MiKTeX 2.7\tex\latex\graphics\trig.sty"
Package: trig 1999/03/16 v1.09 sin cos tan (DPC)
)
("C:\Program Files\MiKTeX 2.7\tex\latex\00miktex\graphics.cfg"
File: graphics.cfg 2007/01/18 v1.5 graphics configuration of teTeX/TeXLive
)
Package graphics Info: Driver file: dvips.def on input line 90.

("C:\Program Files\MiKTeX 2.7\tex\latex\graphics\dvips.def"
File: dvips.def 1999/02/16 v3.0i Driver-dependant file (DPC,SPQR)
))
\Gin@req@height=\dimen104
\Gin@req@width=\dimen105
)
("C:\Program Files\MiKTeX 2.7\tex\latex\amsfonts\amssymb.sty"
Package: amssymb 2002/01/22 v2.2d

("C:\Program Files\MiKTeX 2.7\tex\latex\amsfonts\amsfonts.sty"
Package: amsfonts 2001/10/25 v2.2f
\@emptytoks=\toks17
\symAMSa=\mathgroup4
\symAMSb=\mathgroup5
LaTeX Font Info:    Overwriting math alphabet `\mathfrak' in version `bold'
(Font)                  U/euf/m/n --> U/euf/b/n on input line 132.
))
("C:\Program Files\MiKTeX 2.7\tex\latex\marvosym\marvosym.sty"
Package: marvosym 2006/05/11 v2.1 Martin Vogel's Symbols font definitions
) (11.aux)
LaTeX Font Info:    Checking defaults for OML/cmm/m/it on input line 16.
LaTeX Font Info:    ... okay on input line 16.
LaTeX Font Info:    Checking defaults for T1/cmr/m/n on input line 16.
LaTeX Font Info:    ... okay on input line 16.
LaTeX Font Info:    Checking defaults for OT1/cmr/m/n on input line 16.
LaTeX Font Info:    ... okay on input line 16.
LaTeX Font Info:    Checking defaults for OMS/cmsy/m/n on input line 16.
LaTeX Font Info:    ... okay on input line 16.
LaTeX Font Info:    Checking defaults for OMX/cmex/m/n on input line 16.
LaTeX Font Info:    ... okay on input line 16.
LaTeX Font Info:    Checking defaults for U/cmr/m/n on input line 16.
LaTeX Font Info:    ... okay on input line 16.
LaTeX Font Info:    Try loading font information for U+msa on input line 17.

("C:\Program Files\MiKTeX 2.7\tex\latex\amsfonts\umsa.fd"
File: umsa.fd 2002/01/19 v2.2g AMS font definitions
)
LaTeX Font Info:    Try loading font information for U+msb on input line 17.

("C:\Program Files\MiKTeX 2.7\tex\latex\amsfonts\umsb.fd"
File: umsb.fd 2002/01/19 v2.2g AMS font definitions
)
LaTeX Font Info:    Try loading font information for T1+cmtt on input line 22.

("C:\Program Files\MiKTeX 2.7\tex\latex\base\t1cmtt.fd"
File: t1cmtt.fd 1999/05/25 v2.5h Standard LaTeX font definitions
)
Overfull \hbox (20.90973pt too wide) in paragraph at lines 24--25
[][]\T1/cmr/m/n/10.95 Er®sen deadlock-pro-ne függ-
 []


Overfull \hbox (6.87732pt too wide) in paragraph at lines 24--25
\T1/cmtt/m/n/10.95 technotes / guides / concurrency / threadPrimitiveDeprecatio
n . html$ 
 []

[1

] [2] [3]
LaTeX Font Info:    Try loading font information for U+mvs on input line 128.
 ("C:\Program Files\MiKTeX 2.7\tex\latex\marvosym\umvs.fd") [4]
Overfull \hbox (49.85522pt too wide) in paragraph at lines 170--171
[][]\T1/cmr/bx/n/10.95 Socket példa $\T1/cmtt/m/n/10.95 http : / / java . sun .
 com / developer / onlineTraining / Programming /
 []

[5]
Overfull \hbox (8.0694pt too wide) in paragraph at lines 209--210
[][]\T1/cmr/m/n/10.95 az adat-for-rás le-írása pe-dig tar-tal-maz-hatja a DB sz
er-ver cí-mét (\T1/cmr/m/it/10.95 host:port\T1/cmr/m/n/10.95 ),
 []

LaTeX Font Info:    Try loading font information for OMS+cmr on input line 228.

("C:\Program Files\MiKTeX 2.7\tex\latex\base\omscmr.fd"
File: omscmr.fd 1999/05/25 v2.5h Standard LaTeX font definitions
)
LaTeX Font Info:    Font shape `OMS/cmr/m/n' in size <10.95> not available
(Font)              Font shape `OMS/cmsy/m/n' tried instead on input line 228.

Overfull \hbox (87.0113pt too wide) in paragraph at lines 242--242
[]\T1/cmtt/m/n/10.95 String strUrl = "jdbc:derby:DefaultAddressBook;user=dbuser
;password=dbuserpwd";[] 
 []

[6]
Overfull \hbox (36.08597pt too wide) in paragraph at lines 270--270
[][]\T1/cmtt/m/n/10.95 > java -cp .;lib/mysql.jar -Dderby.system.home="/tmp" My
DerbyTestClass[] 
 []

[7]
Overfull \hbox (7.9412pt too wide) in paragraph at lines 288--289
[][]\T1/cmr/m/n/10.95 PreparedStatement: be-men® pa-ra-mé-te-re-ket tar-tal-maz
ó, el®-for-dí-tott SQL
 []


Overfull \hbox (35.16917pt too wide) in paragraph at lines 318--318
 [][]\T1/cmtt/m/n/10.95 ResultSet rs = statement.executeQuery("SELECT * FROM in
ventory");[] 
 []

[8]
Overfull \hbox (12.53569pt too wide) in paragraph at lines 347--348
[][]$\T1/cmtt/m/n/10.95 http : / / java . sun . com / developer / technicalArti
cles / J2SE / Desktop /
 []

File: 11.eps Graphic file (type eps)
<11.eps>
Overfull \hbox (15.54465pt too wide) in paragraph at lines 367--368
[][]\T1/cmr/m/n/10.95 Az ered-mény ob-jek-tum be-já-rá-sá-nál elég, ha az ele-m
e-ket a \T1/cmtt/m/n/10.95 getString(int)
 []

[9] [10] (11.aux) ) 
Here is how much of TeX's memory you used:
 1817 strings out of 95281
 19144 string characters out of 1182563
 70246 words of memory out of 1500000
 5010 multiletter control sequences out of 110000
 22173 words of font info for 62 fonts, out of 3000000 for 5000
 14 hyphenation exceptions out of 8191
 25i,8n,24p,451b,271s stack positions out of 5000i,500n,10000p,200000b,50000s

Output written on 11.dvi (10 pages, 21416 bytes).
