This is pdfTeX, Version 3.1415926-1.40.9 (MiKTeX 2.7) (preloaded format=pdflatex 2010.2.11)  17 FEB 2010 09:33
entering extended mode
**2.tex
(2.tex
LaTeX2e <2005/12/01>
Babel <v3.8l> and hyphenation patterns for english, dumylang, nohyphenation, ge
rman, ngerman, german-x-2008-06-18, ngerman-x-2008-06-18, french, hungarian, lo
aded.
("C:\Program Files\MiKTeX 2.7\tex\latex\base\article.cls"
Document Class: article 2005/09/16 v1.4f Standard LaTeX document class
("C:\Program Files\MiKTeX 2.7\tex\latex\base\size11.clo"
File: size11.clo 2005/09/16 v1.4f Standard LaTeX file (size option)
)
\c@part=\count79
\c@section=\count80
\c@subsection=\count81
\c@subsubsection=\count82
\c@paragraph=\count83
\c@subparagraph=\count84
\c@figure=\count85
\c@table=\count86
\abovecaptionskip=\skip41
\belowcaptionskip=\skip42
\bibindent=\dimen102
)
("C:\Program Files\MiKTeX 2.7\tex\latex\base\inputenc.sty"
Package: inputenc 2006/05/05 v1.1b Input encoding file
\inpenc@prehook=\toks14
\inpenc@posthook=\toks15

("C:\Program Files\MiKTeX 2.7\tex\latex\base\latin2.def"
File: latin2.def 2006/05/05 v1.1b Input encoding file
))
("C:\Program Files\MiKTeX 2.7\tex\latex\base\fontenc.sty"
Package: fontenc 2005/09/27 v1.99g Standard LaTeX package

("C:\Program Files\MiKTeX 2.7\tex\latex\base\t1enc.def"
File: t1enc.def 2005/09/27 v1.99g Standard LaTeX file
LaTeX Font Info:    Redeclaring font encoding T1 on input line 43.
))
("C:\Program Files\MiKTeX 2.7\tex\generic\babel\babel.sty"
Package: babel 2008/07/06 v3.8l The Babel package

*************************************
* Local config file bblopts.cfg used
*
("C:\Program Files\MiKTeX 2.7\tex\latex\00miktex\bblopts.cfg"
File: bblopts.cfg 2006/07/31 v1.0 MiKTeX 'babel' configuration
)
("C:\Program Files\MiKTeX 2.7\tex\generic\babel\magyar.ldf"
Language: magyar 2005/03/30 v1.4j Magyar support from the babel system

("C:\Program Files\MiKTeX 2.7\tex\generic\babel\babel.def"
File: babel.def 2008/07/06 v3.8l Babel common definitions
\babel@savecnt=\count87
\U@D=\dimen103
)
Package babel Info: Making ` an active character on input line 597.
))
("C:\Program Files\MiKTeX 2.7\tex\latex\ltxmisc\url.sty"
\Urlmuskip=\muskip10
Package: url 2006/04/12  ver 3.3  Verb mode for urls, etc.
)
("C:\Program Files\MiKTeX 2.7\tex\latex\tools\indentfirst.sty"
Package: indentfirst 1995/11/23 v1.03 Indent first paragraph (DPC)
) (2.aux)
LaTeX Font Info:    Checking defaults for OML/cmm/m/it on input line 11.
LaTeX Font Info:    ... okay on input line 11.
LaTeX Font Info:    Checking defaults for T1/cmr/m/n on input line 11.
LaTeX Font Info:    ... okay on input line 11.
LaTeX Font Info:    Checking defaults for OT1/cmr/m/n on input line 11.
LaTeX Font Info:    ... okay on input line 11.
LaTeX Font Info:    Checking defaults for OMS/cmsy/m/n on input line 11.
LaTeX Font Info:    ... okay on input line 11.
LaTeX Font Info:    Checking defaults for OMX/cmex/m/n on input line 11.
LaTeX Font Info:    ... okay on input line 11.
LaTeX Font Info:    Checking defaults for U/cmr/m/n on input line 11.
LaTeX Font Info:    ... okay on input line 11.
LaTeX Font Info:    External font `cmex10' loaded for size
(Font)              <12> on input line 12.
LaTeX Font Info:    External font `cmex10' loaded for size
(Font)              <8> on input line 12.
LaTeX Font Info:    External font `cmex10' loaded for size
(Font)              <6> on input line 12.
LaTeX Font Info:    Try loading font information for T1+cmtt on input line 19.

("C:\Program Files\MiKTeX 2.7\tex\latex\base\t1cmtt.fd"
File: t1cmtt.fd 1999/05/25 v2.5h Standard LaTeX font definitions
)
LaTeX Font Info:    External font `cmex10' loaded for size
(Font)              <10.95> on input line 27.

Overfull \hbox (9.85056pt too wide) in paragraph at lines 27--29
\T1/cmr/m/n/10.95 Részletesen: $\T1/cmtt/m/n/10.95 http : / / java . sun . com 
/ docs / books / tutorial / java / data /
 []


Overfull \hbox (12.53569pt too wide) in paragraph at lines 46--46
 []\T1/cmtt/m/n/10.95 c:\tmp>set PATH=%PATH%;c:\Program Files\Java\jdk1.6.0_12\
bin\[] 
 []

[1

{C:/Documents and Settings/legendi/Local Settings/Application Data/MiKTeX/2.7/p
dftex/config/pdftex.map}]
Overfull \hbox (1.21895pt too wide) in paragraph at lines 54--54
 []\T1/cmtt/m/n/10.95 boolean b2 = "a".equals("a"); // mindig megfeleloen mukod
ik[] 
 []


Overfull \hbox (5.99405pt too wide) in paragraph at lines 56--57
[]\T1/cmr/m/n/10.95 Baloldalra le-he-t®-leg kons-tanst ír-junk. C++ prob-
 []


Overfull \hbox (11.03098pt too wide) in paragraph at lines 80--82
[]\T1/cmr/m/n/10.95 Kozsik Ta-más ol-da-lán: $\T1/cmtt/m/n/10.95 http : / / asz
t . inf . elte . hu / ~kto /
 []


Overfull \hbox (11.28952pt too wide) in paragraph at lines 82--84
[]\T1/cmr/m/n/10.95 Harmadik ki-adás, ren-des spe-ci-fi-ká-ció, HTML,
 []


Overfull \hbox (44.35748pt too wide) in paragraph at lines 87--88
\T1/cmr/m/n/10.95 kell (anél-kül ún. \T1/cmr/m/it/10.95 fully qu-a-li-fied clas
s-name\T1/cmr/m/n/10.95 -mel hi-vat-koz-ha-tunk, pl. \T1/cmtt/m/n/10.95 java.ut
il.Vector\T1/cmr/m/n/10.95 ): 
 []


Overfull \hbox (30.4276pt too wide) in paragraph at lines 103--103
[]\T1/cmtt/m/n/10.95 import java.math.*;      // Minden package-beli tipus lath
atova valik[] 
 []

[2]
Overfull \hbox (24.76923pt too wide) in paragraph at lines 103--103
[]\T1/cmtt/m/n/10.95 // static import: minden static konstans lathato az adott 
osztalybol[] 
 []

[3]
Overfull \hbox (24.76923pt too wide) in paragraph at lines 145--145
[]\T1/cmtt/m/n/10.95 <módosítószavak> <visszatérési érték> <név>( <paraméterek 
listája> )[] 
 []

LaTeX Font Info:    Try loading font information for OMS+cmr on input line 148.

("C:\Program Files\MiKTeX 2.7\tex\latex\base\omscmr.fd"
File: omscmr.fd 1999/05/25 v2.5h Standard LaTeX font definitions
)
LaTeX Font Info:    Font shape `OMS/cmr/m/n' in size <10.95> not available
(Font)              Font shape `OMS/cmsy/m/n' tried instead on input line 148.

Overfull \hbox (0.94043pt too wide) in paragraph at lines 154--155
[]\T1/cmr/m/n/10.95 Egyéb, pl. strictfp, na-tive, synch-ro-ni-zed, tran-sient, 
vo-la-tile (utóbbi
 []

[4]
Overfull \hbox (5.2433pt too wide) in paragraph at lines 206--207
\T1/cmtt/m/n/10.95 java.lang.ClassNotFoundException\T1/cmr/m/n/10.95 , \T1/cmtt
/m/n/10.95 CloneNotSupportedException\T1/cmr/m/n/10.95 ) 
 []


Overfull \hbox (59.692pt too wide) in paragraph at lines 207--208
\T1/cmr/m/n/10.95 (®s-osz-tály: \T1/cmtt/m/n/10.95 java.lang.RuntimeException\T
1/cmr/m/n/10.95 , pl. \T1/cmtt/m/n/10.95 ArrayIndexOutOfBoundsException\T1/cmr/
m/n/10.95 ,
 []

[5]
Overfull \hbox (44.71758pt too wide) in paragraph at lines 248--252
\T1/cmr/m/n/10.95 Részletesen: $\T1/cmtt/m/n/10.95 http : / / java . sun . com 
/ docs / books / tutorial / essential / exceptions/$
 []


Overfull \hbox (67.7088pt too wide) in paragraph at lines 248--252
\T1/cmr/m/n/10.95 Sa-ját ex-cept-ion is de-fi-ni-ál-ható, csak szár-maz-tatni k
ell (pl. a \T1/cmtt/m/n/10.95 java.lang.RuntimeException\T1/cmr/m/n/10.95 ,
 []

[6]
Overfull \hbox (19.11086pt too wide) in paragraph at lines 262--262
[]\T1/cmtt/m/n/10.95 private static int[] sqroots(final int a, final int b, fin
al int c)[] 
 []

[7] [8]
Overfull \hbox (2.49146pt too wide) in paragraph at lines 366--367
[]\T1/cmr/m/n/10.95 Statikus/dinamikus tí-pus: sta-ti-kus, ami-vel de-fi-ni-álv
a lett, di-na-mi-kus, ami-
 []

[9]
Overfull \hbox (1.33017pt too wide) in paragraph at lines 382--384
\T1/cmr/m/n/10.95 Részletek: $\T1/cmtt/m/n/10.95 http : / / java . sun . com / 
javase / 6 / docs / api / java / lang / Object .
 []

[10]
Overfull \hbox (103.98642pt too wide) in paragraph at lines 454--454
[]                \T1/cmtt/m/n/10.95 try { br.close(); } catch (IOException e) 
{ e.printStackTrace(); }[] 
 []

[11] [12] [13] (2.aux) ) 
Here is how much of TeX's memory you used:
 991 strings out of 95280
 10469 string characters out of 1182536
 64637 words of memory out of 1500000
 4240 multiletter control sequences out of 110000
 13698 words of font info for 35 fonts, out of 3000000 for 5000
 14 hyphenation exceptions out of 8191
 24i,6n,24p,482b,297s stack positions out of 5000i,500n,10000p,200000b,50000s
 <C:\Documents and Settings\legendi\Local Settings\Appl
ication Data\MiKTeX\2.7\fonts\pk\ljfour\jknappen\ec\dpi600\ecbx1200.pk> <C:\Doc
uments and Settings\legendi\Local Settings\Application Data\MiKTeX\2.7\fonts\pk
\ljfour\jknappen\ec\dpi600\ecti1095.pk> <C:\Documents and Settings\legendi\Loca
l Settings\Application Data\MiKTeX\2.7\fonts\pk\ljfour\jknappen\ec\dpi600\ectt1
095.pk> <C:\Documents and Settings\legendi\Local Settings\Application Data\MiKT
eX\2.7\fonts\pk\ljfour\jknappen\ec\dpi600\ecrm1095.pk> <C:\Documents and Settin
gs\legendi\Local Settings\Application Data\MiKTeX\2.7\fonts\pk\ljfour\jknappen\
ec\dpi600\ecbx1095.pk> <C:\Documents and Settings\legendi\Local Settings\Applic
ation Data\MiKTeX\2.7\fonts\pk\ljfour\jknappen\ec\dpi600\ecbx1440.pk> <C:\Docum
ents and Settings\legendi\Local Settings\Application Data\MiKTeX\2.7\fonts\pk\l
jfour\jknappen\ec\dpi600\ecrm1200.pk> <C:\Documents and Settings\legendi\Local 
Settings\Application Data\MiKTeX\2.7\fonts\pk\ljfour\jknappen\ec\dpi600\ecrm172
8.pk><C:/Program Files/MiKTeX 2.7/fonts/type1/bluesky/cm/cmmi10.pfb><C:/Program
 Files/MiKTeX 2.7/fonts/type1/bluesky/cm/cmr10.pfb><C:/Program Files/MiKTeX 2.7
/fonts/type1/bluesky/cm/cmr8.pfb><C:/Program Files/MiKTeX 2.7/fonts/type1/blues
ky/cm/cmsy10.pfb><C:/Program Files/MiKTeX 2.7/fonts/type1/bluesky/cm/cmsy8.pfb>

Output written on 2.pdf (13 pages, 158759 bytes).
PDF statistics:
 444 PDF objects out of 1000 (max. 8388607)
 0 named destinations out of 1000 (max. 131072)
 1 words of extra memory for PDF output out of 10000 (max. 10000000)

