This is pdfTeX, Version 3.1415926-1.40.9 (MiKTeX 2.7) (preloaded format=pdflatex 2010.2.11)  23 FEB 2010 00:53
entering extended mode
**3.tex
(3.tex
LaTeX2e <2005/12/01>
Babel <v3.8l> and hyphenation patterns for english, dumylang, nohyphenation, ge
rman, ngerman, german-x-2008-06-18, ngerman-x-2008-06-18, french, hungarian, lo
aded.
("C:\Program Files\MiKTeX 2.7\tex\latex\base\article.cls"
Document Class: article 2005/09/16 v1.4f Standard LaTeX document class
("C:\Program Files\MiKTeX 2.7\tex\latex\base\size11.clo"
File: size11.clo 2005/09/16 v1.4f Standard LaTeX file (size option)
)
\c@part=\count79
\c@section=\count80
\c@subsection=\count81
\c@subsubsection=\count82
\c@paragraph=\count83
\c@subparagraph=\count84
\c@figure=\count85
\c@table=\count86
\abovecaptionskip=\skip41
\belowcaptionskip=\skip42
\bibindent=\dimen102
)
("C:\Program Files\MiKTeX 2.7\tex\latex\base\inputenc.sty"
Package: inputenc 2006/05/05 v1.1b Input encoding file
\inpenc@prehook=\toks14
\inpenc@posthook=\toks15

("C:\Program Files\MiKTeX 2.7\tex\latex\base\latin2.def"
File: latin2.def 2006/05/05 v1.1b Input encoding file
))
("C:\Program Files\MiKTeX 2.7\tex\latex\base\fontenc.sty"
Package: fontenc 2005/09/27 v1.99g Standard LaTeX package

("C:\Program Files\MiKTeX 2.7\tex\latex\base\t1enc.def"
File: t1enc.def 2005/09/27 v1.99g Standard LaTeX file
LaTeX Font Info:    Redeclaring font encoding T1 on input line 43.
))
("C:\Program Files\MiKTeX 2.7\tex\generic\babel\babel.sty"
Package: babel 2008/07/06 v3.8l The Babel package

*************************************
* Local config file bblopts.cfg used
*
("C:\Program Files\MiKTeX 2.7\tex\latex\00miktex\bblopts.cfg"
File: bblopts.cfg 2006/07/31 v1.0 MiKTeX 'babel' configuration
)
("C:\Program Files\MiKTeX 2.7\tex\generic\babel\magyar.ldf"
Language: magyar 2005/03/30 v1.4j Magyar support from the babel system

("C:\Program Files\MiKTeX 2.7\tex\generic\babel\babel.def"
File: babel.def 2008/07/06 v3.8l Babel common definitions
\babel@savecnt=\count87
\U@D=\dimen103
)
Package babel Info: Making ` an active character on input line 597.
))
("C:\Program Files\MiKTeX 2.7\tex\latex\ltxmisc\url.sty"
\Urlmuskip=\muskip10
Package: url 2006/04/12  ver 3.3  Verb mode for urls, etc.
)
("C:\Program Files\MiKTeX 2.7\tex\latex\tools\indentfirst.sty"
Package: indentfirst 1995/11/23 v1.03 Indent first paragraph (DPC)
) (3.aux)
LaTeX Font Info:    Checking defaults for OML/cmm/m/it on input line 12.
LaTeX Font Info:    ... okay on input line 12.
LaTeX Font Info:    Checking defaults for T1/cmr/m/n on input line 12.
LaTeX Font Info:    ... okay on input line 12.
LaTeX Font Info:    Checking defaults for OT1/cmr/m/n on input line 12.
LaTeX Font Info:    ... okay on input line 12.
LaTeX Font Info:    Checking defaults for OMS/cmsy/m/n on input line 12.
LaTeX Font Info:    ... okay on input line 12.
LaTeX Font Info:    Checking defaults for OMX/cmex/m/n on input line 12.
LaTeX Font Info:    ... okay on input line 12.
LaTeX Font Info:    Checking defaults for U/cmr/m/n on input line 12.
LaTeX Font Info:    ... okay on input line 12.
LaTeX Font Info:    External font `cmex10' loaded for size
(Font)              <12> on input line 13.
LaTeX Font Info:    External font `cmex10' loaded for size
(Font)              <8> on input line 13.
LaTeX Font Info:    External font `cmex10' loaded for size
(Font)              <6> on input line 13.
LaTeX Font Info:    Try loading font information for T1+cmtt on input line 18.

("C:\Program Files\MiKTeX 2.7\tex\latex\base\t1cmtt.fd"
File: t1cmtt.fd 1999/05/25 v2.5h Standard LaTeX font definitions
)
LaTeX Font Info:    Try loading font information for OMS+cmr on input line 44.

("C:\Program Files\MiKTeX 2.7\tex\latex\base\omscmr.fd"
File: omscmr.fd 1999/05/25 v2.5h Standard LaTeX font definitions
)
LaTeX Font Info:    Font shape `OMS/cmr/m/n' in size <10.95> not available
(Font)              Font shape `OMS/cmsy/m/n' tried instead on input line 44.
 [1

{C:/Documents and Settings/legendi/Local Settings/Application Data/MiKTeX/2.7/p
dftex/config/pdftex.map}]
LaTeX Font Info:    External font `cmex10' loaded for size
(Font)              <10.95> on input line 81.

Overfull \hbox (7.81183pt too wide) in paragraph at lines 80--82
\T1/cmr/bx/n/10.95 Részletesen: $\T1/cmtt/m/n/10.95 http : / / java . sun . com
 / javase / 6 / docs / api / java / lang /
 []

[2]
Overfull \hbox (5.13387pt too wide) in paragraph at lines 125--127
[]\T1/cmr/m/n/10.95 Részletesen: $\T1/cmtt/m/n/10.95 http : / / java . sun . co
m / docs / books / tutorial / java / IandI /
 []


Overfull \hbox (3.72783pt too wide) in paragraph at lines 132--133
[]\T1/cmr/m/n/10.95 Többszörös örök-l®-dés (név-üt-kö-zésre fi-gyelni, függ-vé-
nyekre for-dí-tási hiba
 []

[3]
Overfull \hbox (13.45248pt too wide) in paragraph at lines 204--204
[]    \T1/cmtt/m/n/10.95 public abstract int getColor() throws UndefinedColorEx
ception;[] 
 []

[4] [5]
LaTeX Font Info:    External font `cmex10' loaded for size
(Font)              <9> on input line 256.
LaTeX Font Info:    External font `cmex10' loaded for size
(Font)              <5> on input line 256.
 [6]
Overfull \hbox (8.75351pt too wide) in paragraph at lines 296--297
[]\T1/cmr/bx/n/10.95 Részletesen: $\T1/cmtt/m/n/10.95 http : / / java . sun . c
om / docs / books / tutorial / essential /
 []


Overfull \hbox (47.40271pt too wide) in paragraph at lines 312--312
[]        \T1/cmtt/m/n/10.95 PrintWriter pw = new PrintWriter( new FileWriter("
dummy.txt") );[] 
 []

[7]
Overfull \hbox (8.12381pt too wide) in paragraph at lines 365--366
[]\T1/cmr/m/n/10.95 Adatok ol-va-sása, vissza-f¶-zése a csa-tor-nára: Push-bac-
kIn-put-Stream, Push-
 []


Overfull \hbox (80.43614pt too wide) in paragraph at lines 372--372
 []\T1/cmtt/m/n/10.95 BufferedReader br = new BufferedReader(new InputStreamRea
der(System.in));[] 
 []

[8] [9]
Overfull \hbox (103.98642pt too wide) in paragraph at lines 430--430
[]                \T1/cmtt/m/n/10.95 try { br.close(); } catch (IOException e) 
{ e.printStackTrace(); }[] 
 []


Overfull \hbox (87.0113pt too wide) in paragraph at lines 437--437
[]\T1/cmtt/m/n/10.95 csop<csoportszám>_gyak<gyakorlat száma>_<EHA-kód>_<a megol
dott feladatok száma>[] 
 []

[10]
Overfull \hbox (98.32805pt too wide) in paragraph at lines 483--483
[]\T1/cmtt/m/n/10.95 1234567891234567891234567891234567891234567891234567891234
56789123456789123456789[] 
 []


Overfull \hbox (98.32805pt too wide) in paragraph at lines 483--483
[]\T1/cmtt/m/n/10.95 1234567892345678913456789124567891235678912346789123458912
34567891234567912345678[] 
 []

[11] (3.aux) ) 
Here is how much of TeX's memory you used:
 1007 strings out of 95280
 10633 string characters out of 1182536
 64637 words of memory out of 1500000
 4249 multiletter control sequences out of 110000
 17681 words of font info for 42 fonts, out of 3000000 for 5000
 14 hyphenation exceptions out of 8191
 24i,8n,24p,639b,292s stack positions out of 5000i,500n,10000p,200000b,50000s
 <C:\Documents and Settings\legendi\Local Settings\Application Da
ta\MiKTeX\2.7\fonts\pk\ljfour\jknappen\ec\dpi600\ecbx0900.pk> <C:\Documents and
 Settings\legendi\Local Settings\Application Data\MiKTeX\2.7\fonts\pk\ljfour\jk
nappen\ec\dpi600\ecrm0900.pk> <C:\Documents and Settings\legendi\Local Settings
\Application Data\MiKTeX\2.7\fonts\pk\ljfour\jknappen\ec\dpi600\ecrm0600.pk> <C
:\Documents and Settings\legendi\Local Settings\Application Data\MiKTeX\2.7\fon
ts\pk\ljfour\jknappen\ec\dpi600\ecrm0800.pk> <C:\Documents and Settings\legendi
\Local Settings\Application Data\MiKTeX\2.7\fonts\pk\ljfour\jknappen\ec\dpi600\
ecbx1200.pk> <C:\Documents and Settings\legendi\Local Settings\Application Data
\MiKTeX\2.7\fonts\pk\ljfour\jknappen\ec\dpi600\ecti1095.pk> <C:\Documents and S
ettings\legendi\Local Settings\Application Data\MiKTeX\2.7\fonts\pk\ljfour\jkna
ppen\ec\dpi600\ectt1095.pk> <C:\Documents and Settings\legendi\Local Settings\A
pplication Data\MiKTeX\2.7\fonts\pk\ljfour\jknappen\ec\dpi600\ecrm1095.pk> <C:\
Documents and Settings\legendi\Local Settings\Application Data\MiKTeX\2.7\fonts
\pk\ljfour\jknappen\ec\dpi600\ecbx1095.pk> <C:\Documents and Settings\legendi\L
ocal Settings\Application Data\MiKTeX\2.7\fonts\pk\ljfour\jknappen\ec\dpi600\ec
bx1440.pk> <C:\Documents and Settings\legendi\Local Settings\Application Data\M
iKTeX\2.7\fonts\pk\ljfour\jknappen\ec\dpi600\ecrm1200.pk> <C:\Documents and Set
tings\legendi\Local Settings\Application Data\MiKTeX\2.7\fonts\pk\ljfour\jknapp
en\ec\dpi600\ecrm1728.pk><C:/Program Files/MiKTeX 2.7/fonts/type1/bluesky/cm/cm
mi10.pfb><C:/Program Files/MiKTeX 2.7/fonts/type1/bluesky/cm/cmr10.pfb><C:/Prog
ram Files/MiKTeX 2.7/fonts/type1/bluesky/cm/cmsy10.pfb>
Output written on 3.pdf (11 pages, 156080 bytes).
PDF statistics:
 466 PDF objects out of 1000 (max. 8388607)
 0 named destinations out of 1000 (max. 131072)
 1 words of extra memory for PDF output out of 10000 (max. 10000000)

