This is pdfTeX, Version 3.1415926-1.40.9 (MiKTeX 2.7) (preloaded format=latex 2010.1.8)  12 APR 2010 21:02
entering extended mode
**8.tex
(8.tex
LaTeX2e <2005/12/01>
Babel <v3.8l> and hyphenation patterns for english, dumylang, nohyphenation, ge
rman, ngerman, german-x-2008-06-18, ngerman-x-2008-06-18, french, hungarian, lo
aded.
("C:\Program Files\MiKTeX 2.7\tex\latex\base\article.cls"
Document Class: article 2005/09/16 v1.4f Standard LaTeX document class
("C:\Program Files\MiKTeX 2.7\tex\latex\base\size11.clo"
File: size11.clo 2005/09/16 v1.4f Standard LaTeX file (size option)
)
\c@part=\count79
\c@section=\count80
\c@subsection=\count81
\c@subsubsection=\count82
\c@paragraph=\count83
\c@subparagraph=\count84
\c@figure=\count85
\c@table=\count86
\abovecaptionskip=\skip41
\belowcaptionskip=\skip42
\bibindent=\dimen102
)
("C:\Program Files\MiKTeX 2.7\tex\latex\base\inputenc.sty"
Package: inputenc 2006/05/05 v1.1b Input encoding file
\inpenc@prehook=\toks14
\inpenc@posthook=\toks15

("C:\Program Files\MiKTeX 2.7\tex\latex\base\latin2.def"
File: latin2.def 2006/05/05 v1.1b Input encoding file
))
("C:\Program Files\MiKTeX 2.7\tex\latex\base\fontenc.sty"
Package: fontenc 2005/09/27 v1.99g Standard LaTeX package

("C:\Program Files\MiKTeX 2.7\tex\latex\base\t1enc.def"
File: t1enc.def 2005/09/27 v1.99g Standard LaTeX file
LaTeX Font Info:    Redeclaring font encoding T1 on input line 43.
))
("C:\Program Files\MiKTeX 2.7\tex\generic\babel\babel.sty"
Package: babel 2008/07/06 v3.8l The Babel package

*************************************
* Local config file bblopts.cfg used
*
("C:\Program Files\MiKTeX 2.7\tex\latex\00miktex\bblopts.cfg"
File: bblopts.cfg 2006/07/31 v1.0 MiKTeX 'babel' configuration
)
("C:\Program Files\MiKTeX 2.7\tex\generic\babel\magyar.ldf"
Language: magyar 2005/03/30 v1.4j Magyar support from the babel system

("C:\Program Files\MiKTeX 2.7\tex\generic\babel\babel.def"
File: babel.def 2008/07/06 v3.8l Babel common definitions
\babel@savecnt=\count87
\U@D=\dimen103
)
Package babel Info: Making ` an active character on input line 597.
))
("C:\Program Files\MiKTeX 2.7\tex\latex\ltxmisc\url.sty"
\Urlmuskip=\muskip10
Package: url 2006/04/12  ver 3.3  Verb mode for urls, etc.
)
("C:\Program Files\MiKTeX 2.7\tex\latex\tools\indentfirst.sty"
Package: indentfirst 1995/11/23 v1.03 Indent first paragraph (DPC)
)
("C:\Program Files\MiKTeX 2.7\tex\latex\graphics\graphicx.sty"
Package: graphicx 1999/02/16 v1.0f Enhanced LaTeX Graphics (DPC,SPQR)

("C:\Program Files\MiKTeX 2.7\tex\latex\graphics\keyval.sty"
Package: keyval 1999/03/16 v1.13 key=value parser (DPC)
\KV@toks@=\toks16
)
("C:\Program Files\MiKTeX 2.7\tex\latex\graphics\graphics.sty"
Package: graphics 2006/02/20 v1.0o Standard LaTeX Graphics (DPC,SPQR)

("C:\Program Files\MiKTeX 2.7\tex\latex\graphics\trig.sty"
Package: trig 1999/03/16 v1.09 sin cos tan (DPC)
)
("C:\Program Files\MiKTeX 2.7\tex\latex\00miktex\graphics.cfg"
File: graphics.cfg 2007/01/18 v1.5 graphics configuration of teTeX/TeXLive
)
Package graphics Info: Driver file: dvips.def on input line 90.

("C:\Program Files\MiKTeX 2.7\tex\latex\graphics\dvips.def"
File: dvips.def 1999/02/16 v3.0i Driver-dependant file (DPC,SPQR)
))
\Gin@req@height=\dimen104
\Gin@req@width=\dimen105
)
("C:\Program Files\MiKTeX 2.7\tex\latex\amsfonts\amssymb.sty"
Package: amssymb 2002/01/22 v2.2d

("C:\Program Files\MiKTeX 2.7\tex\latex\amsfonts\amsfonts.sty"
Package: amsfonts 2001/10/25 v2.2f
\@emptytoks=\toks17
\symAMSa=\mathgroup4
\symAMSb=\mathgroup5
LaTeX Font Info:    Overwriting math alphabet `\mathfrak' in version `bold'
(Font)                  U/euf/m/n --> U/euf/b/n on input line 132.
)) (8.aux)
LaTeX Font Info:    Checking defaults for OML/cmm/m/it on input line 15.
LaTeX Font Info:    ... okay on input line 15.
LaTeX Font Info:    Checking defaults for T1/cmr/m/n on input line 15.
LaTeX Font Info:    ... okay on input line 15.
LaTeX Font Info:    Checking defaults for OT1/cmr/m/n on input line 15.
LaTeX Font Info:    ... okay on input line 15.
LaTeX Font Info:    Checking defaults for OMS/cmsy/m/n on input line 15.
LaTeX Font Info:    ... okay on input line 15.
LaTeX Font Info:    Checking defaults for OMX/cmex/m/n on input line 15.
LaTeX Font Info:    ... okay on input line 15.
LaTeX Font Info:    Checking defaults for U/cmr/m/n on input line 15.
LaTeX Font Info:    ... okay on input line 15.
LaTeX Font Info:    Try loading font information for U+msa on input line 16.

("C:\Program Files\MiKTeX 2.7\tex\latex\amsfonts\umsa.fd"
File: umsa.fd 2002/01/19 v2.2g AMS font definitions
)
LaTeX Font Info:    Try loading font information for U+msb on input line 16.

("C:\Program Files\MiKTeX 2.7\tex\latex\amsfonts\umsb.fd"
File: umsb.fd 2002/01/19 v2.2g AMS font definitions
)
LaTeX Font Info:    Try loading font information for OMS+cmr on input line 22.

("C:\Program Files\MiKTeX 2.7\tex\latex\base\omscmr.fd"
File: omscmr.fd 1999/05/25 v2.5h Standard LaTeX font definitions
)
LaTeX Font Info:    Font shape `OMS/cmr/m/n' in size <10.95> not available
(Font)              Font shape `OMS/cmsy/m/n' tried instead on input line 22.
LaTeX Font Info:    Try loading font information for T1+cmtt on input line 23.

("C:\Program Files\MiKTeX 2.7\tex\latex\base\t1cmtt.fd"
File: t1cmtt.fd 1999/05/25 v2.5h Standard LaTeX font definitions
)
Overfull \hbox (15.34111pt too wide) in paragraph at lines 28--30
[][]\T1/cmr/m/n/10.95 Forrás: $\T1/cmtt/m/n/10.95 http : / / java . sun . com /
 docs / books / tutorial / java / IandI /
 []


Overfull \hbox (9.68274pt too wide) in paragraph at lines 48--49
[][]\T1/cmr/m/n/10.95 Forrás: $\T1/cmtt/m/n/10.95 http : / / java . sun . com /
 docs / books / jls / second _ edition /
 []

[1

] [2]
Overfull \hbox (59.67885pt too wide) in paragraph at lines 111--112
[][]\T1/cmr/bx/n/10.95 Részletesen: $\T1/cmtt/m/n/10.95 http : / / java . sun .
 com / javase / 6 / docs / api / java / net / InetAddress .
 []


Overfull \hbox (30.4276pt too wide) in paragraph at lines 159--159
[]    \T1/cmtt/m/n/10.95 public static void main(final String[] args) throws IO
Exception {[] 
 []


Overfull \hbox (2.13574pt too wide) in paragraph at lines 159--159
[]                \T1/cmtt/m/n/10.95 new InputStreamReader(client.getInputStrea
m()));[] 
 []


Overfull \hbox (75.69456pt too wide) in paragraph at lines 159--159
[]            \T1/cmtt/m/n/10.95 final PrintWriter pw = new PrintWriter(client.
getOutputStream());[] 
 []


Overfull \hbox (70.0362pt too wide) in paragraph at lines 159--159
[]            \T1/cmtt/m/n/10.95 final String ret = new StringBuilder(line).rev
erse().toString();[] 
 []

[3]
Overfull \hbox (19.11086pt too wide) in paragraph at lines 198--198
[]        \T1/cmtt/m/n/10.95 PrintWriter pw = new PrintWriter(socket.getOutputS
tream());[] 
 []

[4]
Overfull \hbox (5.36691pt too wide) in paragraph at lines 207--208
[][]\T1/cmr/bx/n/10.95 Sauce: $\T1/cmtt/m/n/10.95 http : / / hu . wikipedia . o
rg / wiki / Magyar _ nyelvû _ palindromok _
 []

[5] [6]
Overfull \hbox (5.0809pt too wide) in paragraph at lines 253--254
[][]\T1/cmr/m/n/10.95 A fel-ada-to-kat a $\T1/cmtt/m/n/10.95 legendi @ inf . el
te . hu$ \T1/cmr/m/n/10.95 címre küld-jé-tek, \T1/cmr/bx/n/10.95 kö-vet-kez® sz
om-
 []


Overfull \hbox (87.0113pt too wide) in paragraph at lines 257--257
[][]\T1/cmtt/m/n/10.95 csop<csoportszám>_gyak<gyakorlat száma>_<EHA-kód>_<a meg
oldott feladatok száma>[] 
 []

[7] (8.aux) ) 
Here is how much of TeX's memory you used:
 1587 strings out of 95281
 17082 string characters out of 1182564
 67715 words of memory out of 1500000
 4800 multiletter control sequences out of 110000
 16248 words of font info for 47 fonts, out of 3000000 for 5000
 14 hyphenation exceptions out of 8191
 25i,6n,24p,556b,329s stack positions out of 5000i,500n,10000p,200000b,50000s

Output written on 8.dvi (7 pages, 13284 bytes).
